\BOOKMARK [0][-]{chapter.1}{\376\377\000S\000y\000s\000t\000e\000m\000s\000\040\000o\000f\000\040\000L\000i\000n\000e\000a\000r\000\040\000E\000q\000u\000a\000t\000i\000o\000n\000s\000.}{}% 1
\BOOKMARK [1][-]{section.1.1}{\376\377\000L\000i\000n\000e\000a\000r\000\040\000E\000q\000u\000a\000t\000i\000o\000n\000s\000.}{chapter.1}% 2
\BOOKMARK [1][-]{section.1.2}{\376\377\000M\000a\000t\000r\000i\000c\000e\000s\000\040\000a\000n\000d\000\040\000E\000l\000e\000m\000e\000n\000t\000a\000r\000y\000\040\000R\000o\000w\000\040\000O\000p\000e\000r\000a\000t\000i\000o\000n\000s\000.}{chapter.1}% 3
\BOOKMARK [1][-]{section.1.3}{\376\377\000R\000o\000w\000\040\000R\000e\000d\000u\000c\000e\000s\000\040\000E\000c\000h\000e\000l\000o\000n\000\040\000M\000a\000t\000r\000i\000c\000e\000s\000.}{chapter.1}% 4
\BOOKMARK [1][-]{section.1.4}{\376\377\000M\000a\000t\000r\000i\000x\000\040\000M\000u\000l\000t\000i\000p\000l\000i\000c\000a\000t\000i\000o\000n\000.}{chapter.1}% 5
\BOOKMARK [1][-]{section.1.5}{\376\377\000I\000n\000v\000e\000r\000t\000i\000b\000l\000e\000\040\000M\000a\000t\000r\000i\000c\000e\000s\000.}{chapter.1}% 6
\BOOKMARK [0][-]{chapter.2}{\376\377\000V\000e\000c\000t\000o\000r\000\040\000S\000p\000a\000c\000e\000s\000.}{}% 7
\BOOKMARK [1][-]{section.2.1}{\376\377\000D\000e\000f\000i\000n\000i\000t\000i\000o\000n\000s\000\040\000a\000n\000d\000\040\000E\000x\000a\000m\000p\000l\000e\000s}{chapter.2}% 8
\BOOKMARK [1][-]{section.2.2}{\376\377\000L\000i\000n\000e\000a\000r\000\040\000I\000n\000d\000e\000p\000e\000n\000d\000e\000n\000c\000e\000\040\000a\000n\000d\000\040\000B\000a\000s\000e\000s\000.}{chapter.2}% 9
\BOOKMARK [1][-]{section.2.3}{\376\377\000D\000u\000a\000l\000\040\000S\000p\000a\000c\000e\000s\000.}{chapter.2}% 10
\BOOKMARK [1][-]{section.2.4}{\376\377\000I\000n\000n\000e\000r\000\040\000P\000r\000o\000d\000u\000c\000t\000\040\000S\000p\000a\000c\000e\000s\000.}{chapter.2}% 11
\BOOKMARK [1][-]{section.2.5}{\376\377\000M\000o\000d\000u\000l\000e\000s\000.}{chapter.2}% 12
\BOOKMARK [1][-]{section.2.6}{\376\377\000C\000o\000o\000r\000d\000i\000n\000a\000t\000e\000s\000.}{chapter.2}% 13
\BOOKMARK [1][-]{section.2.7}{\376\377\000R\000o\000w\000\040\000E\000q\000u\000i\000v\000a\000l\000e\000n\000c\000e\000.}{chapter.2}% 14
\BOOKMARK [0][-]{chapter.3}{\376\377\000L\000i\000n\000e\000a\000r\000\040\000T\000r\000a\000n\000s\000f\000o\000r\000m\000a\000t\000i\000o\000n\000s\000.}{}% 15
\BOOKMARK [1][-]{section.3.1}{\376\377\000L\000i\000n\000e\000a\000r\000\040\000T\000r\000a\000n\000s\000f\000o\000r\000m\000a\000t\000i\000o\000n\000s\000.}{chapter.3}% 16
\BOOKMARK [1][-]{section.3.2}{\376\377\000C\000h\000a\000r\000a\000c\000t\000e\000r\000i\000s\000t\000i\000c\000\040\000R\000o\000o\000t\000s\000.}{chapter.3}% 17
\BOOKMARK [1][-]{section.3.3}{\376\377\000M\000a\000t\000r\000i\000c\000e\000s\000.}{chapter.3}% 18
\BOOKMARK [1][-]{section.3.4}{\376\377\000C\000a\000n\000o\000n\000i\000c\000a\000l\000\040\000F\000o\000r\000m\000s\000.}{chapter.3}% 19
\BOOKMARK [1][-]{section.3.5}{\376\377\000T\000h\000e\000\040\000T\000r\000a\000c\000e\000\040\000a\000n\000d\000\040\000T\000r\000a\000n\000p\000o\000s\000e\000.}{chapter.3}% 20
